# JRE version: Java(TM) SE Runtime Environment (8.0_201-b09) (build 1.8.0_201-b09)
# Java VM: Java HotSpot(TM) 64-Bit Server VM (25.201-b09 mixed mode windows-amd64 compressed oops)
Heap:
 PSYoungGen      total 202752K, used 37369K [0x00000000dae00000, 0x00000000e8480000, 0x0000000100000000)
  eden space 190464K, 13% used [0x00000000dae00000,0x00000000dc6810d8,0x00000000e6800000)
  from space 12288K, 99% used [0x00000000e7880000,0x00000000e847d568,0x00000000e8480000)
  to   space 14336K, 0% used [0x00000000e6880000,0x00000000e6880000,0x00000000e7680000)
 ParOldGen       total 52224K, used 16792K [0x0000000090a00000, 0x0000000093d00000, 0x00000000dae00000)
  object space 52224K, 32% used [0x0000000090a00000,0x0000000091a661a0,0x0000000093d00000)
 Metaspace       used 32764K, capacity 33216K, committed 33536K, reserved 1079296K
  class space    used 4161K, capacity 4270K, committed 4352K, reserved 1048576K
GC Heap History (10 events):
Event: 21.986 GC heap before
{Heap before GC invocations=5 (full 0):
 PSYoungGen      total 61952K, used 61936K [0x00000000dae00000, 0x00000000def00000, 0x0000000100000000)
  eden space 57344K, 100% used [0x00000000dae00000,0x00000000de600000,0x00000000de600000)
  from space 4608K, 99% used [0x00000000dea80000,0x00000000deefc0a0,0x00000000def00000)
  to   space 4608K, 0% used [0x00000000de600000,0x00000000de600000,0x00000000dea80000)
 ParOldGen       total 76800K, used 6646K [0x0000000090a00000, 0x0000000095500000, 0x00000000dae00000)
  object space 76800K, 8% used [0x0000000090a00000,0x000000009107da88,0x0000000095500000)
 Metaspace       used 20172K, capacity 20524K, committed 20608K, reserved 1067008K
  class space    used 2535K, capacity 2657K, committed 2688K, reserved 1048576K
Event: 22.007 GC heap after
Heap after GC invocations=5 (full 0):
 PSYoungGen      total 61952K, used 4592K [0x00000000dae00000, 0x00000000e3100000, 0x0000000100000000)
  eden space 57344K, 0% used [0x00000000dae00000,0x00000000dae00000,0x00000000de600000)
  from space 4608K, 99% used [0x00000000de600000,0x00000000dea7c0c0,0x00000000dea80000)
  to   space 9728K, 0% used [0x00000000e2780000,0x00000000e2780000,0x00000000e3100000)
 ParOldGen       total 76800K, used 10418K [0x0000000090a00000, 0x0000000095500000, 0x00000000dae00000)
  object space 76800K, 13% used [0x0000000090a00000,0x000000009142c810,0x0000000095500000)
 Metaspace       used 20172K, capacity 20524K, committed 20608K, reserved 1067008K
  class space    used 2535K, capacity 2657K, committed 2688K, reserved 1048576K
}
Event: 22.478 GC heap before
{Heap before GC invocations=6 (full 0):
 PSYoungGen      total 61952K, used 13711K [0x00000000dae00000, 0x00000000e3100000, 0x0000000100000000)
  eden space 57344K, 15% used [0x00000000dae00000,0x00000000db6e7e58,0x00000000de600000)
  from space 4608K, 99% used [0x00000000de600000,0x00000000dea7c0c0,0x00000000dea80000)
  to   space 9728K, 0% used [0x00000000e2780000,0x00000000e2780000,0x00000000e3100000)
 ParOldGen       total 76800K, used 10418K [0x0000000090a00000, 0x0000000095500000, 0x00000000dae00000)
  object space 76800K, 13% used [0x0000000090a00000,0x000000009142c810,0x0000000095500000)
 Metaspace       used 20795K, capacity 21144K, committed 21248K, reserved 1067008K
  class space    used 2626K, capacity 2755K, committed 2816K, reserved 1048576K
Event: 22.511 GC heap after
Heap after GC invocations=6 (full 0):
 PSYoungGen      total 123392K, used 5771K [0x00000000dae00000, 0x00000000e3000000, 0x0000000100000000)
  eden space 114688K, 0% used [0x00000000dae00000,0x00000000dae00000,0x00000000e1e00000)
  from space 8704K, 66% used [0x00000000e2780000,0x00000000e2d22f70,0x00000000e3000000)
  to   space 9216K, 0% used [0x00000000e1e00000,0x00000000e1e00000,0x00000000e2700000)
 ParOldGen       total 76800K, used 10418K [0x0000000090a00000, 0x0000000095500000, 0x00000000dae00000)
  object space 76800K, 13% used [0x0000000090a00000,0x000000009142c810,0x0000000095500000)
 Metaspace       used 20795K, capacity 21144K, committed 21248K, reserved 1067008K
  class space    used 2626K, capacity 2755K, committed 2816K, reserved 1048576K
}
Event: 22.511 GC heap before
{Heap before GC invocations=7 (full 1):
 PSYoungGen      total 123392K, used 5771K [0x00000000dae00000, 0x00000000e3000000, 0x0000000100000000)
  eden space 114688K, 0% used [0x00000000dae00000,0x00000000dae00000,0x00000000e1e00000)
  from space 8704K, 66% used [0x00000000e2780000,0x00000000e2d22f70,0x00000000e3000000)
  to   space 9216K, 0% used [0x00000000e1e00000,0x00000000e1e00000,0x00000000e2700000)
 ParOldGen       total 76800K, used 10418K [0x0000000090a00000, 0x0000000095500000, 0x00000000dae00000)
  object space 76800K, 13% used [0x0000000090a00000,0x000000009142c810,0x0000000095500000)
 Metaspace       used 20795K, capacity 21144K, committed 21248K, reserved 1067008K
  class space    used 2626K, capacity 2755K, committed 2816K, reserved 1048576K
Event: 22.691 GC heap after
Heap after GC invocations=7 (full 1):
 PSYoungGen      total 123392K, used 0K [0x00000000dae00000, 0x00000000e3000000, 0x0000000100000000)
  eden space 114688K, 0% used [0x00000000dae00000,0x00000000dae00000,0x00000000e1e00000)
  from space 8704K, 0% used [0x00000000e2780000,0x00000000e2780000,0x00000000e3000000)
  to   space 9216K, 0% used [0x00000000e1e00000,0x00000000e1e00000,0x00000000e2700000)
 ParOldGen       total 52224K, used 11258K [0x0000000090a00000, 0x0000000093d00000, 0x00000000dae00000)
  object space 52224K, 21% used [0x0000000090a00000,0x00000000914fe9d8,0x0000000093d00000)
 Metaspace       used 20795K, capacity 21144K, committed 21248K, reserved 1067008K
  class space    used 2626K, capacity 2755K, committed 2816K, reserved 1048576K
}
Event: 34.596 GC heap before
{Heap before GC invocations=8 (full 1):
 PSYoungGen      total 123392K, used 114688K [0x00000000dae00000, 0x00000000e3000000, 0x0000000100000000)
  eden space 114688K, 100% used [0x00000000dae00000,0x00000000e1e00000,0x00000000e1e00000)
  from space 8704K, 0% used [0x00000000e2780000,0x00000000e2780000,0x00000000e3000000)
  to   space 9216K, 0% used [0x00000000e1e00000,0x00000000e1e00000,0x00000000e2700000)
 ParOldGen       total 52224K, used 11258K [0x0000000090a00000, 0x0000000093d00000, 0x00000000dae00000)
  object space 52224K, 21% used [0x0000000090a00000,0x00000000914fe9d8,0x0000000093d00000)
 Metaspace       used 26728K, capacity 27144K, committed 27392K, reserved 1073152K
  class space    used 3464K, capacity 3579K, committed 3584K, reserved 1048576K
Event: 34.637 GC heap after
Heap after GC invocations=8 (full 1):
 PSYoungGen      total 123904K, used 9200K [0x00000000dae00000, 0x00000000e8480000, 0x0000000100000000)
  eden space 114688K, 0% used [0x00000000dae00000,0x00000000dae00000,0x00000000e1e00000)
  from space 9216K, 99% used [0x00000000e1e00000,0x00000000e26fc0d8,0x00000000e2700000)
  to   space 12288K, 0% used [0x00000000e7880000,0x00000000e7880000,0x00000000e8480000)
 ParOldGen       total 52224K, used 14844K [0x0000000090a00000, 0x0000000093d00000, 0x00000000dae00000)
  object space 52224K, 28% used [0x0000000090a00000,0x000000009187f178,0x0000000093d00000)
 Metaspace       used 26728K, capacity 27144K, committed 27392K, reserved 1073152K
  class space    used 3464K, capacity 3579K, committed 3584K, reserved 1048576K
}
Event: 41.383 GC heap before
{Heap before GC invocations=9 (full 1):
 PSYoungGen      total 123904K, used 123888K [0x00000000dae00000, 0x00000000e8480000, 0x0000000100000000)
  eden space 114688K, 100% used [0x00000000dae00000,0x00000000e1e00000,0x00000000e1e00000)
  from space 9216K, 99% used [0x00000000e1e00000,0x00000000e26fc0d8,0x00000000e2700000)
  to   space 12288K, 0% used [0x00000000e7880000,0x00000000e7880000,0x00000000e8480000)
 ParOldGen       total 52224K, used 14844K [0x0000000090a00000, 0x0000000093d00000, 0x00000000dae00000)
  object space 52224K, 28% used [0x0000000090a00000,0x000000009187f178,0x0000000093d00000)
 Metaspace       used 30869K, capacity 31298K, committed 31488K, reserved 1077248K
  class space    used 3955K, capacity 4067K, committed 4096K, reserved 1048576K
Event: 41.421 GC heap after
Heap after GC invocations=9 (full 1):
 PSYoungGen      total 202752K, used 12277K [0x00000000dae00000, 0x00000000e8480000, 0x0000000100000000)
  eden space 190464K, 0% used [0x00000000dae00000,0x00000000dae00000,0x00000000e6800000)
  from space 12288K, 99% used [0x00000000e7880000,0x00000000e847d568,0x00000000e8480000)
  to   space 14336K, 0% used [0x00000000e6880000,0x00000000e6880000,0x00000000e7680000)
 ParOldGen       total 52224K, used 16792K [0x0000000090a00000, 0x0000000093d00000, 0x00000000dae00000)
  object space 52224K, 32% used [0x0000000090a00000,0x0000000091a661a0,0x0000000093d00000)
 Metaspace       used 30869K, capacity 31298K, committed 31488K, reserved 1077248K
  class space    used 3955K, capacity 4067K, committed 4096K, reserved 1048576K
}

